Skip page: Senior Account Manager UMBRELLA – ROLES & RESPONSIBILITIES
Skip page: Junior Account Manager UMBRELLA – ROLES & RESPONSIBILITIES
Skip page: Account Manager UMBRELLA – ROLES & RESPONSIBILITIES
Skip page: Account Director UMBRELLA – ROLES & RESPONSIBILITIES
Skip page: Client Service Director UMBRELLA – ROLES & RESPONSIBILITIES
Skip page: Senior AI Solutions Engineer  UMBRELLA – JOB DESCRIPTION
Skip page: Prompt Artist UMBRELLA – JOB DESCRIPTION
Skip page: Junior Graphic Designer UMBRELLA – JOB DESCRIPTION
Skip page: Art Director UMBRELLA – JOB DESCRIPTION
Skip page: Director of Creative & AI Services UMBRELLA – JOB DESCRIPTION
Skip page: Resource & Network Administrator  UMBRELLA – JOB DESCRIPTION
Skip page: Senior Traffic & Resources Manager  UMBRELLA – JOB DESCRIPTION
Skip page: Junior Post PM UMBRELLA – JOB DESCRIPTION
Skip page: Senior Post PM UMBRELLA – JOB DESCRIPTION
Skip page: Executive Post PM UMBRELLA – JOB DESCRIPTION
Skip page: Post PM Team Lead UMBRELLA – JOB DESCRIPTION
Skip page: Director of Post UMBRELLA – JOB DESCRIPTION
Skip page: Post Production Art Team Lead  UMBRELLA – JOB DESCRIPTION
Skip page: Senior Motion Designer  UMBRELLA – JOB DESCRIPTION
Skip page: Motion Designer  UMBRELLA – JOB DESCRIPTION
Skip page: Junior Motion Designer  UMBRELLA – JOB DESCRIPTION
Skip page: Senior Video Editor  UMBRELLA – JOB DESCRIPTION
Skip page: Video Editor  UMBRELLA – JOB DESCRIPTION
Skip page: Junior Video Editor  UMBRELLA – JOB DESCRIPTION
Skip page: Senior VFX Compositor – ROLES & RESPONSIBILITIES
Skip page: VFX Compositor – ROLES & RESPONSIBILITIES
Skip page: Junior VFX Compositor – ROLES & RESPONSIBILITIES
Skip page: Senior Colourist UMBRELLA – JOB DESCRIPTION
Skip page: IT Specialist UMBRELLA – ROLES & RESPONSIBILITIES
Skip page: System Engineer UMBRELLA – ROLES & RESPONSIBILITIES
Skip page: IT Manager UMBRELLA – ROLES & RESPONSIBILITIES
Skip page: ULAB VPN
